nohup: ignoring input

> frontend@0.0.0 dev
> vite --port 5173 --host


  VITE v8.0.3  ready in 1766 ms

  ➜  Local:   http://localhost:5173/
  ➜  Network: http://192.168.1.6:5173/
[vite:css][postcss] @import must precede all other statements (besides @charset or empty @layer)
1760 |    }
1761 |  }
1762 |  @import url('https://fonts.googleapis.com/css2?family=Outfit:wght@300;400;500;600;700;800&family=Readex+Pro:wght@300;...
     |  ^^^^^^^^^^^^^^^^^^^^^^^^^^^^^^^^^^^^^^^^^^^^^^^^^^^^^^^^^^^^^^^^^^^^^^^^^^^^^^^^^^^^^^^^^^^^^^^^^^^^^^^^^^^^^^^^^^^^^^^^
1763 |  @layer base {
1764 |    body {
4:23:28 PM [vite] (client) hmr update /src/App.jsx, /src/index.css
[vite:css][postcss] @import must precede all other statements (besides @charset or empty @layer)
1760 |    }
1761 |  }
1762 |  @import url('https://fonts.googleapis.com/css2?family=Outfit:wght@300;400;500;600;700;800&family=Readex+Pro:wght@300;...
     |  ^^^^^^^^^^^^^^^^^^^^^^^^^^^^^^^^^^^^^^^^^^^^^^^^^^^^^^^^^^^^^^^^^^^^^^^^^^^^^^^^^^^^^^^^^^^^^^^^^^^^^^^^^^^^^^^^^^^^^^^^
1763 |  @layer base {
1764 |    body {
4:23:38 PM [vite] (client) hmr update /src/App.jsx, /src/index.css
[vite:css][postcss] @import must precede all other statements (besides @charset or empty @layer)
1760 |    }
1761 |  }
1762 |  @import url('https://fonts.googleapis.com/css2?family=Outfit:wght@300;400;500;600;700;800&family=Readex+Pro:wght@300;...
     |  ^^^^^^^^^^^^^^^^^^^^^^^^^^^^^^^^^^^^^^^^^^^^^^^^^^^^^^^^^^^^^^^^^^^^^^^^^^^^^^^^^^^^^^^^^^^^^^^^^^^^^^^^^^^^^^^^^^^^^^^^
1763 |  @layer base {
1764 |    body {
4:23:41 PM [vite] (client) [console.error] Media upload error: Error: Meta Media Upload failed
    at handleMediaUpload (http://localhost:5173/src/App.jsx?t=1776250418386:304:24)
Killed
